C51 COMPILER V9.60.7.0   PWM_HANDLE                                                        07/18/2026 16:49:36 PAGE 1   


C51 COMPILER V9.60.7.0, COMPILATION OF MODULE PWM_HANDLE
OBJECT MODULE PLACED IN .\Release\Objects\pwm_handle.obj
COMPILER INVOKED BY: C:\Keil_v5\C51\BIN\C51.EXE ..\..\User\pwm_handle.c LARGE OPTIMIZE(9,SPEED) BROWSE INTVECTOR(0X000C)
                    - INCDIR(..\..\Libraries\Include;..\..\User) INTERVAL(3) DEBUG OBJECTEXTEND PRINT(.\Release\Listings\pwm_handle.lst) OBJE
                    -CT(.\Release\Objects\pwm_handle.obj)

line level    source

   1          #include "pwm_handle.h"
   2          #include "power_on.h"
   3          
   4          volatile pwm_handle_param_t pwm_handle_param;
   5          
   6          void pwm_handle_param_init(void)
   7          {
   8   1              pwm_handle_param.dest_mode = PWM_MODE_ON;
   9   1              pwm_handle_param.cur_mode = PWM_MODE_PWR_ON_ANIM;
  10   1      
  11   1              pwm_handle_param.color_idx = PWM_COLOR_IDX_CYAN;
  12   1              pwm_handle_param.brightness_lev = PWM_BRIGHTNESS_LEV_MAX;
  13   1      }
  14          
  15          /**
  16           * @brief и®ҫзҪ®жҹҗдёӘйҖҡйҒ“зҡ„еҚ з©әжҜ”еҖј
  17           *
  18           * @param pwm_idx PWMйҖҡйҒ“зҙўеј•
  19           *
  20           * @param pwm_duty_val PWMеҚ з©әжҜ”еҖј
  21           */
  22          void pwm_handle_set_cur_pwm_x_duty_val(u8 pwm_idx, u16 pwm_duty_val)
  23          {
  24   1      }
*** WARNING C280 IN LINE 22 OF ..\..\User\pwm_handle.c: 'pwm_idx': unreferenced local variable
*** WARNING C280 IN LINE 22 OF ..\..\User\pwm_handle.c: 'pwm_duty_val': unreferenced local variable
  25          
  26          /**
  27           * @brief и®ҫзҪ®жүҖжңүPWMйҖҡйҒ“зҡ„еҚ з©әжҜ”еҖј
  28           *
  29           * @param pwm_duty_val PWMеҚ з©әжҜ”еҖј
  30           */
  31          void pwm_handle_set_all_cur_pwm_duty_val(u16 pwm_duty_val) // еҮҪж•°еҗҚиЎЁзӨәи®ҫзҪ®жүҖжңүPWMзҡ„еҪ“еүҚеҚ з©
             -әеҖј
  32          {
  33   1      }
*** WARNING C280 IN LINE 31 OF ..\..\User\pwm_handle.c: 'pwm_duty_val': unreferenced local variable
  34          
  35          void pwm_mode_set(u8 mode)
  36          {
  37   1      }
*** WARNING C280 IN LINE 35 OF ..\..\User\pwm_handle.c: 'mode': unreferenced local variable
  38          
  39          void pwm_handle(void)
  40          {
  41   1              switch (pwm_handle_param.color_idx)
  42   1              {
  43   2              case PWM_COLOR_IDX_TEMPERATURE_1:
  44   2              {
  45   3                      pwm_handle_param.expect_pwm_0_duty_val = PWM_0_DUTY_VAL_IN_COLOR_TEMPERATURE_1;
  46   3                      pwm_handle_param.expect_pwm_1_duty_val = PWM_1_DUTY_VAL_IN_COLOR_TEMPERATURE_1;
  47   3              }
  48   2              break;
C51 COMPILER V9.60.7.0   PWM_HANDLE                                                        07/18/2026 16:49:36 PAGE 2   

  49   2              // ===========================================================
  50   2              case PWM_COLOR_IDX_TEMPERATURE_2:
  51   2              {
  52   3                      pwm_handle_param.expect_pwm_0_duty_val = PWM_0_DUTY_VAL_IN_COLOR_TEMPERATURE_2;
  53   3                      pwm_handle_param.expect_pwm_1_duty_val = PWM_1_DUTY_VAL_IN_COLOR_TEMPERATURE_2;
  54   3              }
  55   2              break;
  56   2              // ===========================================================
  57   2              case PWM_COLOR_IDX_TEMPERATURE_3:
  58   2              {
  59   3                      pwm_handle_param.expect_pwm_0_duty_val = PWM_0_DUTY_VAL_IN_COLOR_TEMPERATURE_3;
  60   3                      pwm_handle_param.expect_pwm_1_duty_val = PWM_1_DUTY_VAL_IN_COLOR_TEMPERATURE_3;
  61   3              }
  62   2              break;
  63   2              // ===========================================================
  64   2              case PWM_COLOR_IDX_BLUE:
  65   2              {
  66   3                      // иҺ·еҸ–жңҖз»Ҳзҡ„зӣ®ж ҮеҚ з©әжҜ”
  67   3                      pwm_handle_param.expect_pwm_0_duty_val = PWM_0_DUTY_VAL_IN_COLOR_BLUE;
  68   3                      pwm_handle_param.expect_pwm_1_duty_val = PWM_1_DUTY_VAL_IN_COLOR_BLUE;
  69   3              }
  70   2              break;
  71   2              // ===========================================================
  72   2              case PWM_COLOR_IDX_CYAN:
  73   2              {
  74   3                      // иҺ·еҸ–жңҖз»Ҳзҡ„зӣ®ж ҮеҚ з©әжҜ”
  75   3                      pwm_handle_param.expect_pwm_0_duty_val = PWM_0_DUTY_VAL_IN_COLOR_CYAN;
  76   3                      pwm_handle_param.expect_pwm_1_duty_val = PWM_1_DUTY_VAL_IN_COLOR_CYAN;
  77   3              }
  78   2              break;
  79   2              // ===========================================================
  80   2              case PWM_COLOR_IDX_GREEN:
  81   2              {
  82   3                      // иҺ·еҸ–жңҖз»Ҳзҡ„зӣ®ж ҮеҚ з©әжҜ”
  83   3                      pwm_handle_param.expect_pwm_0_duty_val = PWM_0_DUTY_VAL_IN_COLOR_GREEN;
  84   3                      pwm_handle_param.expect_pwm_1_duty_val = PWM_1_DUTY_VAL_IN_COLOR_GREEN;
  85   3              }
  86   2              break;
  87   2      
  88   2                      // ===========================================================
  89   2              default:
  90   2              {
  91   3                      return;
  92   3              }
  93   2              break;
  94   2              }
  95   1      
  96   1              switch (pwm_handle_param.brightness_lev)
  97   1              {
  98   2              case PWM_BRIGHTNESS_LEV_1:
  99   2                      pwm_handle_param.expect_pwm_0_duty_val = (u32)pwm_handle_param.expect_pwm_0_duty_val * 5 / 100;
 100   2                      pwm_handle_param.expect_pwm_1_duty_val = (u32)pwm_handle_param.expect_pwm_1_duty_val * 5 / 100;
 101   2                      break;
 102   2      
 103   2              case PWM_BRIGHTNESS_LEV_2:
 104   2                      pwm_handle_param.expect_pwm_0_duty_val = (u32)pwm_handle_param.expect_pwm_0_duty_val * 10 / 100;
 105   2                      pwm_handle_param.expect_pwm_1_duty_val = (u32)pwm_handle_param.expect_pwm_1_duty_val * 10 / 100;
 106   2                      break;
 107   2      
 108   2              case PWM_BRIGHTNESS_LEV_3:
 109   2                      pwm_handle_param.expect_pwm_0_duty_val = (u32)pwm_handle_param.expect_pwm_0_duty_val * 25 / 100;
 110   2                      pwm_handle_param.expect_pwm_1_duty_val = (u32)pwm_handle_param.expect_pwm_1_duty_val * 25 / 100;
C51 COMPILER V9.60.7.0   PWM_HANDLE                                                        07/18/2026 16:49:36 PAGE 3   

 111   2                      break;
 112   2      
 113   2              case PWM_BRIGHTNESS_LEV_4:
 114   2                      pwm_handle_param.expect_pwm_0_duty_val = (u32)pwm_handle_param.expect_pwm_0_duty_val * 50 / 100;
 115   2                      pwm_handle_param.expect_pwm_1_duty_val = (u32)pwm_handle_param.expect_pwm_1_duty_val * 50 / 100;
 116   2                      break;
 117   2      
 118   2              case PWM_BRIGHTNESS_LEV_5:
 119   2                      pwm_handle_param.expect_pwm_0_duty_val = (u32)pwm_handle_param.expect_pwm_0_duty_val * 75 / 100;
 120   2                      pwm_handle_param.expect_pwm_1_duty_val = (u32)pwm_handle_param.expect_pwm_1_duty_val * 75 / 100;
 121   2                      break;
 122   2      
 123   2              case PWM_BRIGHTNESS_LEV_6:
 124   2                      pwm_handle_param.expect_pwm_0_duty_val = (u32)pwm_handle_param.expect_pwm_0_duty_val * 100 / 100;
 125   2                      pwm_handle_param.expect_pwm_1_duty_val = (u32)pwm_handle_param.expect_pwm_1_duty_val * 100 / 100;
 126   2                      break;
 127   2              }
 128   1      }
 129          
 130          void pwm_handle_in_mode_on(void)
 131          {
 132   1              // =================================================================
 133   1              // pwm_channel_0                                               //
 134   1              // =================================================================
 135   1              if (pwm_handle_param.dest_pwm_0_duty_val > pwm_handle_param.cur_pwm_0_duty_val)
 136   1              {
 137   2                      pwm_handle_param.cur_pwm_0_duty_val++;
 138   2              }
 139   1              else if (pwm_handle_param.dest_pwm_0_duty_val < pwm_handle_param.cur_pwm_0_duty_val)
 140   1              {
 141   2                      pwm_handle_param.cur_pwm_0_duty_val--;
 142   2              }
 143   1      
 144   1              // =================================================================
 145   1              // pwm_channel_1                                               //
 146   1              // =================================================================
 147   1              if (pwm_handle_param.dest_pwm_1_duty_val > pwm_handle_param.cur_pwm_1_duty_val)
 148   1              {
 149   2                      pwm_handle_param.cur_pwm_1_duty_val++;
 150   2              }
 151   1              else if (pwm_handle_param.dest_pwm_1_duty_val < pwm_handle_param.cur_pwm_1_duty_val)
 152   1              {
 153   2                      pwm_handle_param.cur_pwm_1_duty_val--;
 154   2              }
 155   1      
 156   1              set_pwm_channel_0_duty(pwm_handle_param.cur_pwm_0_duty_val);
 157   1              set_pwm_channel_1_duty(pwm_handle_param.cur_pwm_1_duty_val);
 158   1      }
 159          
 160          void pwm_handle_100us_isr(void)
 161          {
 162   1              // з”ЁдәҺжҺ§еҲ¶pwmзј“ж…ўеҸҳеҢ–зҡ„ж—¶й—ҙи®Ўж•°
 163   1              static volatile u16 pwm_duty_change_cnt = 0;
 164   1              pwm_duty_change_cnt++;
 165   1      
 166   1              switch (pwm_handle_param.pwm_mode)
*** ERROR C204 IN LINE 166 OF ..\..\User\pwm_handle.c: 'pwm_mode': undefined member
 167   1              {
 168   2                      // ===========================================================
 169   2              // PWM_MODE_OFF
 170   2              // ===========================================================
 171   2              case PWM_MODE_OFF:
C51 COMPILER V9.60.7.0   PWM_HANDLE                                                        07/18/2026 16:49:36 PAGE 4   

 172   2                      // TODO йңҖиҰҒзЎ®и®Өе…іжңәзҡ„ж—¶еҖҷжҳҜиҰҒй©¬дёҠе…ій—ӯпјҢиҝҳжҳҜзј“ж…ўе…ій—ӯ
 173   2                      break;
 174   2      
 175   2              // ===========================================================
 176   2              // PWM_MODE_ON жӯЈеёёе·ҘдҪңжЁЎејҸ
 177   2              // ===========================================================
 178   2              case PWM_MODE_ON:
 179   2      
 180   2                      // if (pwm_duty_change_cnt >= 10) // 1000us,1ms
 181   2                      // if (pwm_duty_change_cnt >= 1) // 100usпјҲз”ЁйҒҘжҺ§еҷЁи°ғиҠӮпјҢеңЁ50%д»ҘдёҠи°ғиҠӮpwmеҚ з©әжҜ”зҡ„ж—¶еҖҷ
             -пјҢзҒҜе…үдјҡжңүжҠ–еҠЁпјү
 182   2                      // if (pwm_duty_change_cnt >= 5) // 500us
 183   2                      // if (pwm_duty_change_cnt >= 10) // x * 100us пјҲз”ЁйҒҘжҺ§еҷЁи°ғиҠӮеҲ°50%д»ҘдёӢpwmеҚ з©әжҜ”зҡ„ж—¶еҖҷпјҢ
             -зҒҜе…үдјҡжңүжҠ–еҠЁпјү
 184   2                      if (pwm_duty_change_cnt >= 20) // x * 100us пјҲ з”ЁйҒҘжҺ§еҷЁи°ғиҠӮж—¶пјҢзҒҜе…үдёҚдјҡжңүжҠ–еҠЁпјҢж ·жңәжң
             -Җй«ҳеҠҹзҺҮдёә870W--еҠ дёҠйЈҺжүҮпјү
 185   2                      // if (pwm_duty_change_cnt >= 30) // x * 100us пјҲз”ЁйҒҘжҺ§еҷЁи°ғиҠӮж—¶пјҢзҒҜе…үдёҚдјҡжңүжҠ–еҠЁпјҢдҪҶжҳҜ
             -и°ғиҠӮж—¶й—ҙиҝҮй•ҝпјҢж„ҹи§үдёҚи·ҹжүӢпјү
 186   2                      {
 187   3                              pwm_duty_change_cnt = 0;
 188   3                              pwm_handle_in_mode_on();
 189   3                      }
 190   2                      break;
 191   2      
 192   2              default:
 193   2      
 194   2                      break;
 195   2              }
 196   1      }

C51 COMPILATION COMPLETE.  4 WARNING(S),  1 ERROR(S)
