C51 COMPILER V9.60.7.0   SYSTEM                                                            07/23/2026 15:42:03 PAGE 1   


C51 COMPILER V9.60.7.0, COMPILATION OF MODULE SYSTEM
OBJECT MODULE PLACED IN .\Release\Objects\system.obj
COMPILER INVOKED BY: C:\Keil_v5\C51\BIN\C51.EXE ..\..\Libraries\Source\system.c LARGE OPTIMIZE(9,SPEED) BROWSE INTVECTOR
                    -(0X000C) INCDIR(..\..\Libraries\Include;..\..\User) INTERVAL(3) DEBUG OBJECTEXTEND PRINT(.\Release\Listings\system.lst) 
                    -OBJECT(.\Release\Objects\system.obj)

line level    source

   1          /**
   2           ******************************************************************************
   3           * @file    system.c
   4           * @author  HUGE-IC Application Team
   5           * @version V1.0.0
   6           * @date    01-05-2021
   7           * @brief   Main program body
   8           ******************************************************************************
   9           * @attention
  10           *
  11           * <h2><center>&copy; COPYRIGHT 2021 HUGE-IC</center></h2>
  12           *
  13           *
  14           *
  15           ******************************************************************************
  16           */
  17          
  18          /* Includes ------------------------------------------------------------------*/
  19          #include "include.h"
  20          
  21          /** @addtogroup Template_Project
  22           * @{
  23           */
  24          
  25          /* Private typedef -----------------------------------------------------------*/
  26          /* Private define ------------------------------------------------------------*/
  27          /* Private macro -------------------------------------------------------------*/
  28          /* Private variables ---------------------------------------------------------*/
  29          /* Private function prototypes -----------------------------------------------*/
  30          /* Private functions ---------------------------------------------------------*/
  31          
  32          /**
  33           * @brief  Delay function
  34           * @param  cnt : the number of cnt to delay
  35           * @retval None
  36           */
  37          void delay(u16 cnt)
  38          {
  39   1          while (cnt--)
  40   1          {
  41   2          }
  42   1      }
  43          
  44          /**
  45           * @brief  Delay function
  46           * @param  ms : the number of ms to delay
  47           * @retval None
  48           */
  49          void delay_ms(u16 ms)
  50          {
  51   1          while (ms--)
  52   1          {
  53   2              delay(1450);
C51 COMPILER V9.60.7.0   SYSTEM                                                            07/23/2026 15:42:03 PAGE 2   

  54   2          }
  55   1      }
  56          
  57          /**
  58           * @brief  System initialization function
  59           * @param  None
  60           * @retval None
  61           */
  62          void system_init(void)
  63          {
  64   1          u8 i;
  65   1      
  66   1          CLK_ACON0 |= CLK_AIP_HRC_EN(0x1); // ЪЙФм HIRC
  67   1          __HIRC_DELAY;                     // ИУбгГйВЛПЩЩОГ§,ЕШД§HIRCЮШЖЈВЂФмБЃжЄЩеТМЮШЖЈад
  68   1          FLASH_TIMEREG0 = 0x55;
  69   1          FLASH_TIMEREG1 = 0x58;              // FLASHЗУЮЪЫйЖШ = ЯЕЭГЪБжг/3
  70   1          CLK_CON2 = 0x50 | CLK_SYS_DIV(0x0); // ЯЕЭГЪБжгВЛЗжЦЕ
  71   1          CLK_CON0 = CLK_SYSCLK_SEL(0x3);     // ЯЕЭГЪБжгбЁдё HIRC48M
  72   1          CLK_CON6 = CLK_FLASH_DIV(47);       // FLASHЩеаДЪБжг48ЗжЦЕЃК1M
  73   1      
  74   1          // ГѕЪМЛЏМФДцЦї
  75   1          // FOUT_S00 ~ FOUT_SEL
  76   1          for (i = 0x18; i <= 0x32; i++)
  77   1          {
  78   2              *(unsigned char volatile xdata *)(IOFUNC_BASE + i) = 0x0;
  79   2          }
  80   1      
  81   1          __LOADER_CHIP_TRIM; // зАдиаОЦЌИїИіФЃПщаЃзМжЕ
  82   1      }
  83          
  84          /*************************** (C) COPYRIGHT 2021 HUGE-IC ***** END OF FILE *****/


MODULE INFORMATION:   STATIC OVERLAYABLE
   CODE SIZE        =    242    ----
   CONSTANT SIZE    =   ----    ----
   XDATA SIZE       =   ----    ----
   PDATA SIZE       =   ----    ----
   DATA SIZE        =   ----    ----
   IDATA SIZE       =   ----    ----
   BIT SIZE         =   ----    ----
END OF MODULE INFORMATION.


C51 COMPILATION COMPLETE.  0 WARNING(S),  0 ERROR(S)
