C51 COMPILER V9.60.7.0   UART0                                                             07/23/2026 15:42:04 PAGE 1   


C51 COMPILER V9.60.7.0, COMPILATION OF MODULE UART0
OBJECT MODULE PLACED IN .\Release\Objects\uart0.obj
COMPILER INVOKED BY: C:\Keil_v5\C51\BIN\C51.EXE ..\..\User\uart0.c LARGE OPTIMIZE(9,SPEED) BROWSE INTVECTOR(0X000C) INCD
                    -IR(..\..\Libraries\Include;..\..\User) INTERVAL(3) DEBUG OBJECTEXTEND PRINT(.\Release\Listings\uart0.lst) OBJECT(.\Relea
                    -se\Objects\uart0.obj)

line level    source

   1          #include "uart0.h"
   2          #include "include.h"
   3          
   4          #include "user_config.h"
   5          
   6          volatile uart_rx_buffer_t uart0_rx_buffer = {0};
   7          
   8          #if USER_DEBUG_ENABLE
              
              // 重写puchar()函数
              char putchar(char c)
              {
                  while (!(UART0_STA & UART_TX_DONE(0x01)))
                      ;
                  UART0_DATA = c;
                  return c;
              }
              #endif
  19          
  20          void uart0_config(void)
  21          {
  22   1      #if USER_DEBUG_ENABLE
                  // 发送脚 ， 只在调试时使用
                  P0_MD0 &= ~(GPIO_P00_MODE_SEL(0x3));
                  P0_MD0 |= GPIO_P00_MODE_SEL(0x1); // 配置为输出模式
                  FOUT_S00 |= GPIO_FOUT_UART0_TX;   // 配置为 UART0_TX
              #endif
  28   1      
  29   1      #if (!USER_DEBUG_PIN_ENABLE)
  30   1          // 接收脚
  31   1          // 可能是模块的信号拉低能力优先，这里不能开上拉，否则容易解错码
  32   1          // P0_PU |= GPIO_P03_PULL_UP(0x01);      // 上拉
  33   1          P0_MD0 &= ~(GPIO_P03_MODE_SEL(0x03)); // 输入模式
  34   1          FIN_S7 = GPIO_FIN_SEL_P03;            // 选择 uart0 rx 对应的引脚
  35   1      #else
                  // 接收脚
                  // 可能是模块的信号拉低能力优先，这里不能开上拉，否则容易解错码
                  // P2_PU |= GPIO_P25_PULL_UP(0x01);      // 上拉
                  P2_MD1 &= ~(GPIO_P25_MODE_SEL(0x03)); // 输入模式
                  FIN_S7 = GPIO_FIN_SEL_P25;            // 选择 uart0 rx 对应的引脚
              #endif
  42   1      
  43   1          UART0_BAUD1 = (USER_UART0_BAUD >> 8) & 0xFF; // 配置波特率高八位
  44   1          UART0_BAUD0 = USER_UART0_BAUD & 0xFF;        // 配置波特率低八位
  45   1      
  46   1          UART0_CON0 = UART_STOP_BIT(0x0) |
  47   1                       UART_RX_IRQ_EN(0x01) |
  48   1                       UART_EN(0x1); // 8bit数据，1bit停止位
  49   1      
  50   1          /*
  51   1              REVIRW 如果不设置为最高优先级，
  52   1              会被定时器中断占用，导致一帧数据接收失败，
  53   1              特别是在呼吸模式时，呼吸调节的时间会占用 100% 的中断周期
C51 COMPILER V9.60.7.0   UART0                                                             07/23/2026 15:42:04 PAGE 2   

  54   1          */
  55   1          __SetIRQnIP(UART0_IRQn, 1); // 设置中断优先级，数值越大，优先级越高
  56   1          __EnableIRQ(UART0_IRQn); // 打开模块中断
  57   1          IE_EA = 1;               // 打开总中断
  58   1      }
  59          
  60          // 获取接收缓冲区中有效的数据个数，单位：字节Byte
  61          u16 uart0_rxbuffer_get_count(void)
  62          {
  63   1          return uart0_rx_buffer.count;
  64   1      }
  65          
  66          // 从接收缓冲区中取出一个字节数据
  67          u8 uart0_rxbuffer_get_byte(void)
  68          {
  69   1          u8 rxbyte;
  70   1      
  71   1          if (0 == uart0_rx_buffer.count)
  72   1          {
  73   2              // 缓冲区空
  74   2              return 0;
  75   2          }
  76   1      
  77   1          // 先偏移索引，再取出数据
  78   1          // uart0_rx_buffer.tail = (uart0_rx_buffer.tail + 1) % UART_RX_BUF_SIZE;
  79   1          // rxbyte = uart0_rx_buffer.buffer[uart0_rx_buffer.tail];
  80   1      
  81   1          uart0_rx_buffer.tail++;
  82   1          if (uart0_rx_buffer.tail >= UART_RX_BUF_SIZE)
  83   1          {
  84   2              uart0_rx_buffer.tail = 0;
  85   2          }
  86   1          rxbyte = uart0_rx_buffer.buffer[uart0_rx_buffer.tail];
  87   1      
  88   1          uart0_rx_buffer.count--;
  89   1      
  90   1          return rxbyte;
  91   1      }
  92          
  93          /**
  94           * @brief 向UART0接收缓冲区中存入一个字节数据
  95           * @note 当缓冲区满时会覆盖旧的数据
  96           * @param byte 要存入的字节数据
  97           */
  98          static void uart0_rxbuffer_put_byte(u8 byte)
  99          {
 100   1          // 目前的逻辑：缓冲区满，覆盖旧的数据
 101   1      
 102   1          // 先偏移索引，再存放数据
 103   1          // uart0_rx_buffer.head = (uart0_rx_buffer.head + 1) % UART_RX_BUF_SIZE;
 104   1          // uart0_rx_buffer.buffer[uart0_rx_buffer.head] = byte;
 105   1      
 106   1          uart0_rx_buffer.head++;
 107   1          if (uart0_rx_buffer.head >= UART_RX_BUF_SIZE)
 108   1          {
 109   2              uart0_rx_buffer.head = 0;
 110   2          }
 111   1          uart0_rx_buffer.buffer[uart0_rx_buffer.head] = byte;
 112   1      
 113   1          uart0_rx_buffer.count++;
 114   1          if (uart0_rx_buffer.count > UART_RX_BUF_SIZE)
 115   1          {
C51 COMPILER V9.60.7.0   UART0                                                             07/23/2026 15:42:04 PAGE 3   

 116   2              uart0_rx_buffer.count = UART_RX_BUF_SIZE;
 117   2          }
 118   1      }
 119          
 120          // UART0中断服务函数（接收中断）
 121          void UART0_IRQHandler(void) interrupt UART0_IRQn
 122          {
 123   1          // 进入中断设置IP，不可删除
 124   1          __IRQnIPnPush(UART0_IRQn);
 125   1          // ---------------- 用户函数处理 -------------------
 126   1          // RX接收完成中断
 127   1          if (UART0_STA & UART_RX_DONE(0x1))
 128   1          {
 129   2              u8 recv_byte = UART0_DATA;
 130   2              uart0_rxbuffer_put_byte(recv_byte);
 131   2      
 132   2              // printf("%02x\n", (u16)recv_byte);
 133   2          }
 134   1          // 退出中断设置IP，不可删除
 135   1          __IRQnIPnPop(UART0_IRQn);
 136   1      }


MODULE INFORMATION:   STATIC OVERLAYABLE
   CODE SIZE        =    253    ----
   CONSTANT SIZE    =   ----    ----
   XDATA SIZE       =    134       1
   PDATA SIZE       =   ----    ----
   DATA SIZE        =   ----    ----
   IDATA SIZE       =   ----    ----
   BIT SIZE         =   ----    ----
END OF MODULE INFORMATION.


C51 COMPILATION COMPLETE.  0 WARNING(S),  0 ERROR(S)
